#
# A fatal error has been detected by the Java Runtime Environment:
#
#  EXCEPTION_ACCESS_VIOLATION (0xc0000005) at pc=0x00007ff8a50e975a, pid=8092, tid=14824
#
# JRE version: OpenJDK Runtime Environment (11.0.12+7) (build 11.0.12+7-b1504.28-7817840)
# Java VM: OpenJDK 64-Bit Server VM (11.0.12+7-b1504.28-7817840, mixed mode, tiered, compressed oops, g1 gc, windows-amd64)
# Problematic frame:
# V  [jvm.dll+0x19975a]
#
# No core dump will be written. Minidumps are not enabled by default on client versions of Windows
#
# If you would like to submit a bug report, please visit:
#   https://bugreport.java.com/bugreport/crash.jsp
#

---------------  S U M M A R Y ------------

Command Line: --add-opens=java.base/java.util=ALL-UNNAMED --add-opens=java.base/java.lang=ALL-UNNAMED --add-opens=java.base/java.lang.invoke=ALL-UNNAMED --add-opens=java.base/java.util=ALL-UNNAMED --add-opens=java.prefs/java.util.prefs=ALL-UNNAMED --add-opens=java.prefs/java.util.prefs=ALL-UNNAMED --add-opens=java.base/java.nio.charset=ALL-UNNAMED --add-opens=java.base/java.net=ALL-UNNAMED --add-opens=java.base/java.util.concurrent.atomic=ALL-UNNAMED -Xmx2048m -Dfile.encoding=UTF-8 -Duser.country=TR -Duser.language=tr -Duser.variant org.gradle.launcher.daemon.bootstrap.GradleDaemon 7.3.3

Host: Intel(R) Core(TM) i5-8300H CPU @ 2.30GHz, 8 cores, 7G,  Windows 10 , 64 bit Build 22000 (10.0.22000.1219)
Time: Mon Nov 14 12:29:54 2022 Türkiye Standart Saati elapsed time: 3.428134 seconds (0d 0h 0m 3s)

---------------  T H R E A D  ---------------

Current thread (0x000002462f6d3000):  JavaThread "C2 CompilerThread2" daemon [_thread_in_native, id=14824, stack(0x00000060d6100000,0x00000060d6200000)]


Current CompileTask:
C2:   3428 2257   !   4       java.net.URL::<init> (543 bytes)

Stack: [0x00000060d6100000,0x00000060d6200000],  sp=0x00000060d61fb6d0,  free space=1005k
Native frames: (J=compiled Java code, j=interpreted, Vv=VM code, C=native code)
V  [jvm.dll+0x19975a]
V  [jvm.dll+0x629cf5]
V  [jvm.dll+0x628a8d]
V  [jvm.dll+0x20147f]
V  [jvm.dll+0x1ff71f]
V  [jvm.dll+0x18868c]
V  [jvm.dll+0x20e0d7]
V  [jvm.dll+0x20c901]
V  [jvm.dll+0x6f9b7f]
V  [jvm.dll+0x6f26a5]
V  [jvm.dll+0x5fabf6]
C  [ucrtbase.dll+0x26c0c]
C  [KERNEL32.DLL+0x15550]
C  [ntdll.dll+0x485b]


siginfo: EXCEPTION_ACCESS_VIOLATION (0xc0000005), reading address 0x0000000000000088


Register to memory mapping:

RIP=0x00007ff8a50e975a jvm.dll
RAX=0x000002462cd57458 points into unknown readable memory: 0x0000000000000000 | 00 00 00 00 00 00 00 00
RBX=0x0 is NULL
RCX=0x000002462cd57458 points into unknown readable memory: 0x0000000000000000 | 00 00 00 00 00 00 00 00
RDX=0x0 is NULL
RSP=0x00000060d61fb6d0 is pointing into the stack for thread: 0x000002462f6d3000
RBP=0x0000000000000001 is an unknown value
RSI=0x0000000000000001 is an unknown value
RDI=0x000002462cd57458 points into unknown readable memory: 0x0000000000000000 | 00 00 00 00 00 00 00 00
R8 =0x000002462cd57458 points into unknown readable memory: 0x7620726574697257 | 57 72 69 74 65 72 20 76
R9 =0x0000000000000002 is an unknown value
R10=0x000002462fc16cf0 points into unknown readable memory: 0x000002462fc16b98 | 98 6b c1 2f 46 02 00 00
R11=0x000002462fc16d08 points into unknown readable memory: 0x000002463018b630 | 30 b6 18 30 46 02 00 00
R12=0x0 is NULL
R13=0x00000060d61fc3e0 is pointing into the stack for thread: 0x000002462f6d3000
R14=0x000002462fc16c98 points into unknown readable memory: 0x00007ff8a57450e0 | e0 50 74 a5 f8 7f 00 00
R15=0x000002462fc16b98 points into unknown readable memory: 0x00007ff8a5745020 | 20 50 74 a5 f8 7f 00 00


Registers:
RAX=0x000002462cd57458, RBX=0x0000000000000000, RCX=0x000002462cd57458, RDX=0x0000000000000000
RSP=0x00000060d61fb6d0, RBP=0x0000000000000001, RSI=0x0000000000000001, RDI=0x000002462cd57458
R8 =0x000002462cd57458, R9 =0x0000000000000002, R10=0x000002462fc16cf0, R11=0x000002462fc16d08
R12=0x0000000000000000, R13=0x00000060d61fc3e0, R14=0x000002462fc16c98, R15=0x000002462fc16b98
RIP=0x00007ff8a50e975a, EFLAGS=0x0000000000010202

Top of Stack: (sp=0x00000060d61fb6d0)
0x00000060d61fb6d0:   0000000000000000 0000000000001d5f
0x00000060d61fb6e0:   0000000000000000 0000000000000000
0x00000060d61fb6f0:   0000000000000000 0000000000003044
0x00000060d61fb700:   0000000000001d5f 000002462d07a8b0
0x00000060d61fb710:   000002462f2c4808 00007ff8a5579cf5
0x00000060d61fb720:   000002462cdd73e8 000002462fc16c98
0x00000060d61fb730:   000000000000001d 00000060d61fc3e0
0x00000060d61fb740:   0000000000001d5f 00000060d61fc3e0
0x00000060d61fb750:   000002462fc16c98 00007ff8a5578a8d
0x00000060d61fb760:   000000000000001d 000002462f1af808
0x00000060d61fb770:   00000060d61fcdb8 000002462fe82a08
0x00000060d61fb780:   00000060d61fe520 000002462f3f04a0
0x00000060d61fb790:   0000000000000000 00007ff8a515147f
0x00000060d61fb7a0:   00007ff8a576e170 00000060d61fb8a0
0x00000060d61fb7b0:   00000060d61fe520 000002462d7aadf8
0x00000060d61fb7c0:   00000060d61fba00 000002462f6d3000 

Instructions: (pc=0x00007ff8a50e975a)
0x00007ff8a50e965a:   c0 00 00 00 84 c0 45 0f b6 e4 44 0f 45 e6 8b ee
0x00007ff8a50e966a:   4c 8b 0d 1f 66 8a 00 4c 89 4c 24 50 41 39 76 18
0x00007ff8a50e967a:   0f 86 fa 00 00 00 8b c5 48 8d 14 c5 00 00 00 00
0x00007ff8a50e968a:   49 8b 47 08 48 8b 0c 02 48 85 c9 0f 84 cd 00 00
0x00007ff8a50e969a:   00 49 8b 7d 50 8b 49 28 48 8b 05 b7 65 8a 00 48
0x00007ff8a50e96aa:   39 04 cf 0f 85 b5 00 00 00 49 8b 46 08 48 8b 0c
0x00007ff8a50e96ba:   02 8b 41 28 48 8b 3c c7 8b 47 10 83 f8 06 75 06
0x00007ff8a50e96ca:   48 8b 4f 18 eb 17 83 f8 07 75 06 48 8b 4f 18 eb
0x00007ff8a50e96da:   0c 33 c9 83 c0 f1 83 f8 06 48 0f 46 cf 48 85 c9
0x00007ff8a50e96ea:   74 5a 33 d2 83 79 10 12 48 0f 44 d1 48 85 d2 74
0x00007ff8a50e96fa:   4b 48 8b 02 48 8b ca 40 32 f6 ff 90 d8 00 00 00
0x00007ff8a50e970a:   48 8b d8 48 83 78 10 00 75 0d 48 8b 10 48 8b c8
0x00007ff8a50e971a:   ff 52 20 84 c0 74 1b 4c 8b 03 48 8b cb 41 ff 90
0x00007ff8a50e972a:   c0 00 00 00 84 c0 40 0f b6 f6 b8 01 00 00 00 0f
0x00007ff8a50e973a:   45 f0 44 3a e6 75 35 4c 8b 4c 24 50 41 b0 01 48
0x00007ff8a50e974a:   8b d7 49 8b c9 e8 3c 13 57 00 48 8b c8 48 8b 10
0x00007ff8a50e975a:   ff 92 88 00 00 00 4c 8b c8 48 89 44 24 50 ff c5
0x00007ff8a50e976a:   41 3b 6e 18 0f 82 0c ff ff ff eb 04 4d 8b 4e 38
0x00007ff8a50e977a:   49 8b 01 41 b0 01 49 8b 56 38 49 8b c9 ff 50 08
0x00007ff8a50e978a:   48 8b c8 48 8b 10 ff 92 88 00 00 00 41 8b 56 28
0x00007ff8a50e979a:   49 8b 4d 50 4d 8b 55 00 4d 8b 4e 38 4c 8b 04 d1
0x00007ff8a50e97aa:   48 8b d0 49 8b cd 41 ff 52 10 4c 8b 64 24 20 48
0x00007ff8a50e97ba:   8b 6c 24 60 48 8b 74 24 68 48 8b 5c 24 58 48 8b
0x00007ff8a50e97ca:   7c 24 28 48 83 c4 30 41 5f 41 5e 41 5d c3 cc cc
0x00007ff8a50e97da:   cc cc cc cc cc cc 44 8b 41 18 b8 01 00 00 00 4c
0x00007ff8a50e97ea:   8b da 44 3b c0 76 2e 4c 8b 51 08 4c 8b 0d 64 64
0x00007ff8a50e97fa:   8a 00 0f 1f 40 00 8b c8 49 8b 14 ca 48 85 d2 74
0x00007ff8a50e980a:   0d 8b 52 28 49 8b 4b 50 4c 39 0c d1 74 0f ff c0
0x00007ff8a50e981a:   41 3b c0 72 e1 48 8b 05 6a 64 8a 00 c3 49 8b c1
0x00007ff8a50e982a:   c3 cc cc cc cc cc 40 53 48 83 ec 20 48 8b d9 8b
0x00007ff8a50e983a:   49 38 e8 ef e2 56 00 33 d2 39 53 38 76 1a 0f 1f
0x00007ff8a50e984a:   84 00 00 00 00 00 4c 8b 05 09 64 8a 00 4c 89 04 


Stack slot to memory mapping:
stack at sp + 0 slots: 0x0 is NULL
stack at sp + 1 slots: 0x0000000000001d5f is an unknown value
stack at sp + 2 slots: 0x0 is NULL
stack at sp + 3 slots: 0x0 is NULL
stack at sp + 4 slots: 0x0 is NULL
stack at sp + 5 slots: 0x0000000000003044 is an unknown value
stack at sp + 6 slots: 0x0000000000001d5f is an unknown value
stack at sp + 7 slots: 0x000002462d07a8b0 points into unknown readable memory: 0x00007ff8a576d120 | 20 d1 76 a5 f8 7f 00 00


---------------  P R O C E S S  ---------------

Threads class SMR info:
_java_thread_list=0x00000246326e5c00, length=30, elements={
0x000002460ffc2000, 0x000002462c419800, 0x000002462c422800, 0x000002462c43e800,
0x000002462cd50800, 0x000002462cd53000, 0x000002462cd56000, 0x000002462cd57800,
0x000002462cd5c800, 0x000002462ceef000, 0x000002462e6ba800, 0x000002462d5ae800,
0x000002462cfc2000, 0x00000246301b7800, 0x000002462f441800, 0x000002462ef57800,
0x000002462fdc4800, 0x000002462f438800, 0x000002462eea4000, 0x000002462f5b6800,
0x000002462f5b5000, 0x000002462f5b6000, 0x000002462f5b4000, 0x000002462faf4000,
0x00000246300b3000, 0x000002462f6d3000, 0x00000246300b3800, 0x00000246300b2000,
0x00000246300b5000, 0x00000246300b1000
}

Java Threads: ( => current thread )
  0x000002460ffc2000 JavaThread "main" [_thread_blocked, id=16344, stack(0x00000060d3900000,0x00000060d3a00000)]
  0x000002462c419800 JavaThread "Reference Handler" daemon [_thread_blocked, id=3400, stack(0x00000060d4000000,0x00000060d4100000)]
  0x000002462c422800 JavaThread "Finalizer" daemon [_thread_blocked, id=8020, stack(0x00000060d4100000,0x00000060d4200000)]
  0x000002462c43e800 JavaThread "Signal Dispatcher" daemon [_thread_blocked, id=9364, stack(0x00000060d4200000,0x00000060d4300000)]
  0x000002462cd50800 JavaThread "Attach Listener" daemon [_thread_blocked, id=16704, stack(0x00000060d4300000,0x00000060d4400000)]
  0x000002462cd53000 JavaThread "Service Thread" daemon [_thread_blocked, id=9192, stack(0x00000060d4400000,0x00000060d4500000)]
  0x000002462cd56000 JavaThread "C2 CompilerThread0" daemon [_thread_blocked, id=12192, stack(0x00000060d4500000,0x00000060d4600000)]
  0x000002462cd57800 JavaThread "C1 CompilerThread0" daemon [_thread_in_vm, id=6320, stack(0x00000060d4600000,0x00000060d4700000)]
  0x000002462cd5c800 JavaThread "Sweeper thread" daemon [_thread_blocked, id=9072, stack(0x00000060d4700000,0x00000060d4800000)]
  0x000002462ceef000 JavaThread "Common-Cleaner" daemon [_thread_blocked, id=17120, stack(0x00000060d4800000,0x00000060d4900000)]
  0x000002462e6ba800 JavaThread "Daemon health stats" [_thread_blocked, id=2216, stack(0x00000060d4e00000,0x00000060d4f00000)]
  0x000002462d5ae800 JavaThread "Incoming local TCP Connector on port 56605" [_thread_in_native, id=4224, stack(0x00000060d4a00000,0x00000060d4b00000)]
  0x000002462cfc2000 JavaThread "Daemon periodic checks" [_thread_blocked, id=14040, stack(0x00000060d4b00000,0x00000060d4c00000)]
  0x00000246301b7800 JavaThread "Daemon" [_thread_blocked, id=11896, stack(0x00000060d4f00000,0x00000060d5000000)]
  0x000002462f441800 JavaThread "Handler for socket connection from /127.0.0.1:56605 to /127.0.0.1:56606" [_thread_in_native, id=12740, stack(0x00000060d5000000,0x00000060d5100000)]
  0x000002462ef57800 JavaThread "Cancel handler" [_thread_blocked, id=1920, stack(0x00000060d5100000,0x00000060d5200000)]
  0x000002462fdc4800 JavaThread "Daemon worker" [_thread_in_vm, id=10864, stack(0x00000060d5200000,0x00000060d5300000)]
  0x000002462f438800 JavaThread "Asynchronous log dispatcher for DefaultDaemonConnection: socket connection from /127.0.0.1:56605 to /127.0.0.1:56606" [_thread_blocked, id=7332, stack(0x00000060d5300000,0x00000060d5400000)]
  0x000002462eea4000 JavaThread "Stdin handler" [_thread_blocked, id=16900, stack(0x00000060d5400000,0x00000060d5500000)]
  0x000002462f5b6800 JavaThread "Daemon client event forwarder" [_thread_blocked, id=1036, stack(0x00000060d5500000,0x00000060d5600000)]
  0x000002462f5b5000 JavaThread "Cache worker for journal cache (C:\Users\Batuh\.gradle\caches\journal-1)" [_thread_blocked, id=13624, stack(0x00000060d5b00000,0x00000060d5c00000)]
  0x000002462f5b6000 JavaThread "File lock request listener" [_thread_in_native, id=4264, stack(0x00000060d5c00000,0x00000060d5d00000)]
  0x000002462f5b4000 JavaThread "Cache worker for file hash cache (C:\Users\Batuh\.gradle\caches\7.3.3\fileHashes)" [_thread_blocked, id=8376, stack(0x00000060d5d00000,0x00000060d5e00000)]
  0x000002462faf4000 JavaThread "C2 CompilerThread1" daemon [_thread_blocked, id=5328, stack(0x00000060d5f00000,0x00000060d6000000)]
  0x00000246300b3000 JavaThread "Cache worker for file hash cache (E:\classesAndFunction\.gradle\7.3.3\fileHashes)" [_thread_blocked, id=16232, stack(0x00000060d6000000,0x00000060d6100000)]
=>0x000002462f6d3000 JavaThread "C2 CompilerThread2" daemon [_thread_in_native, id=14824, stack(0x00000060d6100000,0x00000060d6200000)]
  0x00000246300b3800 JavaThread "File watcher server" daemon [_thread_in_native, id=3504, stack(0x00000060d6200000,0x00000060d6300000)]
  0x00000246300b2000 JavaThread "File watcher consumer" daemon [_thread_blocked, id=8240, stack(0x00000060d6300000,0x00000060d6400000)]
  0x00000246300b5000 JavaThread "Cache worker for checksums cache (E:\classesAndFunction\.gradle\7.3.3\checksums)" [_thread_blocked, id=3740, stack(0x00000060d6400000,0x00000060d6500000)]
  0x00000246300b1000 JavaThread "Cache worker for cache directory md-supplier (C:\Users\Batuh\.gradle\caches\7.3.3\md-supplier)" [_thread_blocked, id=15896, stack(0x00000060d6500000,0x00000060d6600000)]

Other Threads:
  0x000002462c418000 VMThread "VM Thread" [stack: 0x00000060d3f00000,0x00000060d4000000] [id=5556]
  0x000002462cf2e000 WatcherThread [stack: 0x00000060d4900000,0x00000060d4a00000] [id=16144]
  0x000002460ffd8800 GCTaskThread "GC Thread#0" [stack: 0x00000060d3a00000,0x00000060d3b00000] [id=13516]
  0x000002462d8bc800 GCTaskThread "GC Thread#1" [stack: 0x00000060d4c00000,0x00000060d4d00000] [id=10868]
  0x000002462dc2a800 GCTaskThread "GC Thread#2" [stack: 0x00000060d4d00000,0x00000060d4e00000] [id=15656]
  0x000002462ee12000 GCTaskThread "GC Thread#3" [stack: 0x00000060d5600000,0x00000060d5700000] [id=5520]
  0x000002462f1e5800 GCTaskThread "GC Thread#4" [stack: 0x00000060d5700000,0x00000060d5800000] [id=13776]
  0x000002462f92c800 GCTaskThread "GC Thread#5" [stack: 0x00000060d5800000,0x00000060d5900000] [id=16456]
  0x000002462e0f1800 GCTaskThread "GC Thread#6" [stack: 0x00000060d5900000,0x00000060d5a00000] [id=13872]
  0x00000246300e7800 GCTaskThread "GC Thread#7" [stack: 0x00000060d5a00000,0x00000060d5b00000] [id=15644]
  0x000002461000e000 ConcurrentGCThread "G1 Main Marker" [stack: 0x00000060d3b00000,0x00000060d3c00000] [id=12768]
  0x0000024610011000 ConcurrentGCThread "G1 Conc#0" [stack: 0x00000060d3c00000,0x00000060d3d00000] [id=6848]
  0x000002462fb95000 ConcurrentGCThread "G1 Conc#1" [stack: 0x00000060d5e00000,0x00000060d5f00000] [id=7292]
  0x000002461009d800 ConcurrentGCThread "G1 Refine#0" [stack: 0x00000060d3d00000,0x00000060d3e00000] [id=12532]
  0x000002461009e800 ConcurrentGCThread "G1 Young RemSet Sampling" [stack: 0x00000060d3e00000,0x00000060d3f00000] [id=9812]

Threads with active compile tasks:
C2 CompilerThread2   3534 2257   !   4       java.net.URL::<init> (543 bytes)

VM state:not at safepoint (normal execution)

VM Mutex/Monitor currently owned by a thread: None

Heap address: 0x0000000080000000, size: 2048 MB, Compressed Oops mode: 32-bit
Narrow klass base: 0x0000000000000000, Narrow klass shift: 3
Compressed class space size: 1073741824 Address: 0x0000000100000000

Heap:
 garbage-first heap   total 129024K, used 44067K [0x0000000080000000, 0x0000000100000000)
  region size 1024K, 28 young (28672K), 3 survivors (3072K)
 Metaspace       used 28518K, capacity 29165K, committed 29440K, reserved 1075200K
  class space    used 3768K, capacity 3995K, committed 4096K, reserved 1048576K
Heap Regions: E=young(eden), S=young(survivor), O=old, HS=humongous(starts), HC=humongous(continues), CS=collection set, F=free, A=archive, TAMS=top-at-mark-start (previous, next)
|   0|0x0000000080000000, 0x0000000080100000, 0x0000000080100000|100%| O|  |TAMS 0x0000000080100000, 0x0000000080000000| Untracked 
|   1|0x0000000080100000, 0x0000000080200000, 0x0000000080200000|100%| O|  |TAMS 0x0000000080200000, 0x0000000080100000| Untracked 
|   2|0x0000000080200000, 0x0000000080300000, 0x0000000080300000|100%| O|  |TAMS 0x0000000080300000, 0x0000000080200000| Untracked 
|   3|0x0000000080300000, 0x0000000080400000, 0x0000000080400000|100%|HS|  |TAMS 0x0000000080400000, 0x0000000080300000| Complete 
|   4|0x0000000080400000, 0x0000000080500000, 0x0000000080500000|100%|HC|  |TAMS 0x0000000080500000, 0x0000000080400000| Complete 
|   5|0x0000000080500000, 0x0000000080600000, 0x0000000080600000|100%|HC|  |TAMS 0x0000000080600000, 0x0000000080500000| Complete 
|   6|0x0000000080600000, 0x0000000080700000, 0x0000000080700000|100%| O|  |TAMS 0x0000000080700000, 0x0000000080600000| Untracked 
|   7|0x0000000080700000, 0x0000000080800000, 0x0000000080800000|100%| O|  |TAMS 0x0000000080800000, 0x0000000080700000| Untracked 
|   8|0x0000000080800000, 0x0000000080900000, 0x0000000080900000|100%| O|  |TAMS 0x0000000080900000, 0x0000000080800000| Untracked 
|   9|0x0000000080900000, 0x0000000080a00000, 0x0000000080a00000|100%| O|  |TAMS 0x0000000080a00000, 0x0000000080900000| Untracked 
|  10|0x0000000080a00000, 0x0000000080b00000, 0x0000000080b00000|100%| O|  |TAMS 0x0000000080b00000, 0x0000000080a00000| Untracked 
|  11|0x0000000080b00000, 0x0000000080c00000, 0x0000000080c00000|100%| O|  |TAMS 0x0000000080c00000, 0x0000000080b00000| Untracked 
|  12|0x0000000080c00000, 0x0000000080d00000, 0x0000000080d00000|100%| O|  |TAMS 0x0000000080d00000, 0x0000000080c00000| Untracked 
|  13|0x0000000080d00000, 0x0000000080e00000, 0x0000000080e00000|100%| O|  |TAMS 0x0000000080e00000, 0x0000000080d00000| Untracked 
|  14|0x0000000080e00000, 0x0000000080f00000, 0x0000000080f00000|100%| O|  |TAMS 0x0000000080f00000, 0x0000000080e00000| Untracked 
|  15|0x0000000080f00000, 0x0000000081000000, 0x0000000081000000|100%| O|  |TAMS 0x0000000081000000, 0x0000000080f00000| Untracked 
|  16|0x0000000081000000, 0x000000008103ec00, 0x0000000081100000| 24%| O|  |TAMS 0x000000008103ec00, 0x0000000081000000| Untracked 
|  17|0x0000000081100000, 0x0000000081100000, 0x0000000081200000|  0%| F|  |TAMS 0x0000000081100000, 0x0000000081100000| Untracked 
|  18|0x0000000081200000, 0x0000000081200000, 0x0000000081300000|  0%| F|  |TAMS 0x0000000081200000, 0x0000000081200000| Untracked 
|  19|0x0000000081300000, 0x0000000081300000, 0x0000000081400000|  0%| F|  |TAMS 0x0000000081300000, 0x0000000081300000| Untracked 
|  20|0x0000000081400000, 0x0000000081400000, 0x0000000081500000|  0%| F|  |TAMS 0x0000000081400000, 0x0000000081400000| Untracked 
|  21|0x0000000081500000, 0x0000000081500000, 0x0000000081600000|  0%| F|  |TAMS 0x0000000081500000, 0x0000000081500000| Untracked 
|  22|0x0000000081600000, 0x0000000081600000, 0x0000000081700000|  0%| F|  |TAMS 0x0000000081600000, 0x0000000081600000| Untracked 
|  23|0x0000000081700000, 0x0000000081700000, 0x0000000081800000|  0%| F|  |TAMS 0x0000000081700000, 0x0000000081700000| Untracked 
|  24|0x0000000081800000, 0x0000000081800000, 0x0000000081900000|  0%| F|  |TAMS 0x0000000081800000, 0x0000000081800000| Untracked 
|  25|0x0000000081900000, 0x0000000081900000, 0x0000000081a00000|  0%| F|  |TAMS 0x0000000081900000, 0x0000000081900000| Untracked 
|  26|0x0000000081a00000, 0x0000000081a00000, 0x0000000081b00000|  0%| F|  |TAMS 0x0000000081a00000, 0x0000000081a00000| Untracked 
|  27|0x0000000081b00000, 0x0000000081b00000, 0x0000000081c00000|  0%| F|  |TAMS 0x0000000081b00000, 0x0000000081b00000| Untracked 
|  28|0x0000000081c00000, 0x0000000081c00000, 0x0000000081d00000|  0%| F|  |TAMS 0x0000000081c00000, 0x0000000081c00000| Untracked 
|  29|0x0000000081d00000, 0x0000000081d00000, 0x0000000081e00000|  0%| F|  |TAMS 0x0000000081d00000, 0x0000000081d00000| Untracked 
|  30|0x0000000081e00000, 0x0000000081e00000, 0x0000000081f00000|  0%| F|  |TAMS 0x0000000081e00000, 0x0000000081e00000| Untracked 
|  31|0x0000000081f00000, 0x0000000081f00000, 0x0000000082000000|  0%| F|  |TAMS 0x0000000081f00000, 0x0000000081f00000| Untracked 
|  32|0x0000000082000000, 0x0000000082000000, 0x0000000082100000|  0%| F|  |TAMS 0x0000000082000000, 0x0000000082000000| Untracked 
|  33|0x0000000082100000, 0x0000000082100000, 0x0000000082200000|  0%| F|  |TAMS 0x0000000082100000, 0x0000000082100000| Untracked 
|  34|0x0000000082200000, 0x0000000082200000, 0x0000000082300000|  0%| F|  |TAMS 0x0000000082200000, 0x0000000082200000| Untracked 
|  35|0x0000000082300000, 0x0000000082300000, 0x0000000082400000|  0%| F|  |TAMS 0x0000000082300000, 0x0000000082300000| Untracked 
|  36|0x0000000082400000, 0x0000000082400000, 0x0000000082500000|  0%| F|  |TAMS 0x0000000082400000, 0x0000000082400000| Untracked 
|  37|0x0000000082500000, 0x0000000082500000, 0x0000000082600000|  0%| F|  |TAMS 0x0000000082500000, 0x0000000082500000| Untracked 
|  38|0x0000000082600000, 0x0000000082600000, 0x0000000082700000|  0%| F|  |TAMS 0x0000000082600000, 0x0000000082600000| Untracked 
|  39|0x0000000082700000, 0x0000000082700000, 0x0000000082800000|  0%| F|  |TAMS 0x0000000082700000, 0x0000000082700000| Untracked 
|  40|0x0000000082800000, 0x0000000082800000, 0x0000000082900000|  0%| F|  |TAMS 0x0000000082800000, 0x0000000082800000| Untracked 
|  41|0x0000000082900000, 0x0000000082900000, 0x0000000082a00000|  0%| F|  |TAMS 0x0000000082900000, 0x0000000082900000| Untracked 
|  42|0x0000000082a00000, 0x0000000082a00000, 0x0000000082b00000|  0%| F|  |TAMS 0x0000000082a00000, 0x0000000082a00000| Untracked 
|  43|0x0000000082b00000, 0x0000000082b00000, 0x0000000082c00000|  0%| F|  |TAMS 0x0000000082b00000, 0x0000000082b00000| Untracked 
|  44|0x0000000082c00000, 0x0000000082c00000, 0x0000000082d00000|  0%| F|  |TAMS 0x0000000082c00000, 0x0000000082c00000| Untracked 
|  45|0x0000000082d00000, 0x0000000082d00000, 0x0000000082e00000|  0%| F|  |TAMS 0x0000000082d00000, 0x0000000082d00000| Untracked 
|  46|0x0000000082e00000, 0x0000000082e00000, 0x0000000082f00000|  0%| F|  |TAMS 0x0000000082e00000, 0x0000000082e00000| Untracked 
|  47|0x0000000082f00000, 0x0000000082f00000, 0x0000000083000000|  0%| F|  |TAMS 0x0000000082f00000, 0x0000000082f00000| Untracked 
|  48|0x0000000083000000, 0x0000000083000000, 0x0000000083100000|  0%| F|  |TAMS 0x0000000083000000, 0x0000000083000000| Untracked 
|  49|0x0000000083100000, 0x0000000083100000, 0x0000000083200000|  0%| F|  |TAMS 0x0000000083100000, 0x0000000083100000| Untracked 
|  50|0x0000000083200000, 0x0000000083200000, 0x0000000083300000|  0%| F|  |TAMS 0x0000000083200000, 0x0000000083200000| Untracked 
|  51|0x0000000083300000, 0x0000000083300000, 0x0000000083400000|  0%| F|  |TAMS 0x0000000083300000, 0x0000000083300000| Untracked 
|  52|0x0000000083400000, 0x0000000083400000, 0x0000000083500000|  0%| F|  |TAMS 0x0000000083400000, 0x0000000083400000| Untracked 
|  53|0x0000000083500000, 0x0000000083500000, 0x0000000083600000|  0%| F|  |TAMS 0x0000000083500000, 0x0000000083500000| Untracked 
|  54|0x0000000083600000, 0x0000000083600000, 0x0000000083700000|  0%| F|  |TAMS 0x0000000083600000, 0x0000000083600000| Untracked 
|  55|0x0000000083700000, 0x0000000083700000, 0x0000000083800000|  0%| F|  |TAMS 0x0000000083700000, 0x0000000083700000| Untracked 
|  56|0x0000000083800000, 0x0000000083800000, 0x0000000083900000|  0%| F|  |TAMS 0x0000000083800000, 0x0000000083800000| Untracked 
|  57|0x0000000083900000, 0x0000000083900000, 0x0000000083a00000|  0%| F|  |TAMS 0x0000000083900000, 0x0000000083900000| Untracked 
|  58|0x0000000083a00000, 0x0000000083a00000, 0x0000000083b00000|  0%| F|  |TAMS 0x0000000083a00000, 0x0000000083a00000| Untracked 
|  59|0x0000000083b00000, 0x0000000083b00000, 0x0000000083c00000|  0%| F|  |TAMS 0x0000000083b00000, 0x0000000083b00000| Untracked 
|  60|0x0000000083c00000, 0x0000000083c00000, 0x0000000083d00000|  0%| F|  |TAMS 0x0000000083c00000, 0x0000000083c00000| Untracked 
|  61|0x0000000083d00000, 0x0000000083d00000, 0x0000000083e00000|  0%| F|  |TAMS 0x0000000083d00000, 0x0000000083d00000| Untracked 
|  62|0x0000000083e00000, 0x0000000083e00000, 0x0000000083f00000|  0%| F|  |TAMS 0x0000000083e00000, 0x0000000083e00000| Untracked 
|  63|0x0000000083f00000, 0x0000000083f00000, 0x0000000084000000|  0%| F|  |TAMS 0x0000000083f00000, 0x0000000083f00000| Untracked 
|  64|0x0000000084000000, 0x0000000084000000, 0x0000000084100000|  0%| F|  |TAMS 0x0000000084000000, 0x0000000084000000| Untracked 
|  65|0x0000000084100000, 0x0000000084100000, 0x0000000084200000|  0%| F|  |TAMS 0x0000000084100000, 0x0000000084100000| Untracked 
|  66|0x0000000084200000, 0x0000000084200000, 0x0000000084300000|  0%| F|  |TAMS 0x0000000084200000, 0x0000000084200000| Untracked 
|  67|0x0000000084300000, 0x0000000084300000, 0x0000000084400000|  0%| F|  |TAMS 0x0000000084300000, 0x0000000084300000| Untracked 
|  68|0x0000000084400000, 0x0000000084400000, 0x0000000084500000|  0%| F|  |TAMS 0x0000000084400000, 0x0000000084400000| Untracked 
|  69|0x0000000084500000, 0x0000000084500000, 0x0000000084600000|  0%| F|  |TAMS 0x0000000084500000, 0x0000000084500000| Untracked 
|  70|0x0000000084600000, 0x00000000846ca0e0, 0x0000000084700000| 78%| S|CS|TAMS 0x0000000084600000, 0x0000000084600000| Complete 
|  71|0x0000000084700000, 0x0000000084800000, 0x0000000084800000|100%| S|CS|TAMS 0x0000000084700000, 0x0000000084700000| Complete 
|  72|0x0000000084800000, 0x0000000084900000, 0x0000000084900000|100%| S|CS|TAMS 0x0000000084800000, 0x0000000084800000| Complete 
|  73|0x0000000084900000, 0x0000000084900000, 0x0000000084a00000|  0%| F|  |TAMS 0x0000000084900000, 0x0000000084900000| Untracked 
|  74|0x0000000084a00000, 0x0000000084a00000, 0x0000000084b00000|  0%| F|  |TAMS 0x0000000084a00000, 0x0000000084a00000| Untracked 
|  75|0x0000000084b00000, 0x0000000084b00000, 0x0000000084c00000|  0%| F|  |TAMS 0x0000000084b00000, 0x0000000084b00000| Untracked 
|  76|0x0000000084c00000, 0x0000000084c00000, 0x0000000084d00000|  0%| F|  |TAMS 0x0000000084c00000, 0x0000000084c00000| Untracked 
|  77|0x0000000084d00000, 0x0000000084d00000, 0x0000000084e00000|  0%| F|  |TAMS 0x0000000084d00000, 0x0000000084d00000| Untracked 
|  78|0x0000000084e00000, 0x0000000084e00000, 0x0000000084f00000|  0%| F|  |TAMS 0x0000000084e00000, 0x0000000084e00000| Untracked 
|  79|0x0000000084f00000, 0x0000000084f00000, 0x0000000085000000|  0%| F|  |TAMS 0x0000000084f00000, 0x0000000084f00000| Untracked 
|  80|0x0000000085000000, 0x0000000085000000, 0x0000000085100000|  0%| F|  |TAMS 0x0000000085000000, 0x0000000085000000| Untracked 
|  81|0x0000000085100000, 0x0000000085100000, 0x0000000085200000|  0%| F|  |TAMS 0x0000000085100000, 0x0000000085100000| Untracked 
|  82|0x0000000085200000, 0x0000000085200000, 0x0000000085300000|  0%| F|  |TAMS 0x0000000085200000, 0x0000000085200000| Untracked 
|  83|0x0000000085300000, 0x0000000085300000, 0x0000000085400000|  0%| F|  |TAMS 0x0000000085300000, 0x0000000085300000| Untracked 
|  84|0x0000000085400000, 0x0000000085400000, 0x0000000085500000|  0%| F|  |TAMS 0x0000000085400000, 0x0000000085400000| Untracked 
|  85|0x0000000085500000, 0x0000000085500000, 0x0000000085600000|  0%| F|  |TAMS 0x0000000085500000, 0x0000000085500000| Untracked 
|  86|0x0000000085600000, 0x0000000085600000, 0x0000000085700000|  0%| F|  |TAMS 0x0000000085600000, 0x0000000085600000| Untracked 
|  87|0x0000000085700000, 0x0000000085700000, 0x0000000085800000|  0%| F|  |TAMS 0x0000000085700000, 0x0000000085700000| Untracked 
|  88|0x0000000085800000, 0x0000000085800000, 0x0000000085900000|  0%| F|  |TAMS 0x0000000085800000, 0x0000000085800000| Untracked 
|  89|0x0000000085900000, 0x0000000085900000, 0x0000000085a00000|  0%| F|  |TAMS 0x0000000085900000, 0x0000000085900000| Untracked 
|  90|0x0000000085a00000, 0x0000000085a00000, 0x0000000085b00000|  0%| F|  |TAMS 0x0000000085a00000, 0x0000000085a00000| Untracked 
|  91|0x0000000085b00000, 0x0000000085b00000, 0x0000000085c00000|  0%| F|  |TAMS 0x0000000085b00000, 0x0000000085b00000| Untracked 
|  92|0x0000000085c00000, 0x0000000085c00000, 0x0000000085d00000|  0%| F|  |TAMS 0x0000000085c00000, 0x0000000085c00000| Untracked 
|  93|0x0000000085d00000, 0x0000000085d00000, 0x0000000085e00000|  0%| F|  |TAMS 0x0000000085d00000, 0x0000000085d00000| Untracked 
|  94|0x0000000085e00000, 0x0000000085e00000, 0x0000000085f00000|  0%| F|  |TAMS 0x0000000085e00000, 0x0000000085e00000| Untracked 
|  95|0x0000000085f00000, 0x0000000085f00000, 0x0000000086000000|  0%| F|  |TAMS 0x0000000085f00000, 0x0000000085f00000| Untracked 
|  96|0x0000000086000000, 0x0000000086000000, 0x0000000086100000|  0%| F|  |TAMS 0x0000000086000000, 0x0000000086000000| Untracked 
|  97|0x0000000086100000, 0x0000000086100000, 0x0000000086200000|  0%| F|  |TAMS 0x0000000086100000, 0x0000000086100000| Untracked 
|  98|0x0000000086200000, 0x0000000086200000, 0x0000000086300000|  0%| F|  |TAMS 0x0000000086200000, 0x0000000086200000| Untracked 
|  99|0x0000000086300000, 0x0000000086300000, 0x0000000086400000|  0%| F|  |TAMS 0x0000000086300000, 0x0000000086300000| Untracked 
| 100|0x0000000086400000, 0x0000000086400000, 0x0000000086500000|  0%| F|  |TAMS 0x0000000086400000, 0x0000000086400000| Untracked 
| 101|0x0000000086500000, 0x0000000086581c10, 0x0000000086600000| 50%| E|  |TAMS 0x0000000086500000, 0x0000000086500000| Complete 
| 102|0x0000000086600000, 0x0000000086700000, 0x0000000086700000|100%| E|CS|TAMS 0x0000000086600000, 0x0000000086600000| Complete 
| 103|0x0000000086700000, 0x0000000086800000, 0x0000000086800000|100%| E|CS|TAMS 0x0000000086700000, 0x0000000086700000| Complete 
| 104|0x0000000086800000, 0x0000000086900000, 0x0000000086900000|100%| E|CS|TAMS 0x0000000086800000, 0x0000000086800000| Complete 
| 105|0x0000000086900000, 0x0000000086a00000, 0x0000000086a00000|100%| E|CS|TAMS 0x0000000086900000, 0x0000000086900000| Complete 
| 106|0x0000000086a00000, 0x0000000086b00000, 0x0000000086b00000|100%| E|CS|TAMS 0x0000000086a00000, 0x0000000086a00000| Complete 
| 107|0x0000000086b00000, 0x0000000086c00000, 0x0000000086c00000|100%| E|CS|TAMS 0x0000000086b00000, 0x0000000086b00000| Complete 
| 108|0x0000000086c00000, 0x0000000086d00000, 0x0000000086d00000|100%| E|CS|TAMS 0x0000000086c00000, 0x0000000086c00000| Complete 
| 109|0x0000000086d00000, 0x0000000086e00000, 0x0000000086e00000|100%| E|CS|TAMS 0x0000000086d00000, 0x0000000086d00000| Complete 
| 110|0x0000000086e00000, 0x0000000086f00000, 0x0000000086f00000|100%| E|CS|TAMS 0x0000000086e00000, 0x0000000086e00000| Complete 
| 111|0x0000000086f00000, 0x0000000087000000, 0x0000000087000000|100%| E|CS|TAMS 0x0000000086f00000, 0x0000000086f00000| Complete 
| 112|0x0000000087000000, 0x0000000087100000, 0x0000000087100000|100%| E|CS|TAMS 0x0000000087000000, 0x0000000087000000| Complete 
| 113|0x0000000087100000, 0x0000000087200000, 0x0000000087200000|100%| E|CS|TAMS 0x0000000087100000, 0x0000000087100000| Complete 
| 114|0x0000000087200000, 0x0000000087300000, 0x0000000087300000|100%| E|CS|TAMS 0x0000000087200000, 0x0000000087200000| Complete 
| 115|0x0000000087300000, 0x0000000087400000, 0x0000000087400000|100%| E|CS|TAMS 0x0000000087300000, 0x0000000087300000| Complete 
| 116|0x0000000087400000, 0x0000000087500000, 0x0000000087500000|100%| E|CS|TAMS 0x0000000087400000, 0x0000000087400000| Complete 
| 117|0x0000000087500000, 0x0000000087600000, 0x0000000087600000|100%| E|CS|TAMS 0x0000000087500000, 0x0000000087500000| Complete 
| 118|0x0000000087600000, 0x0000000087700000, 0x0000000087700000|100%| E|CS|TAMS 0x0000000087600000, 0x0000000087600000| Complete 
| 119|0x0000000087700000, 0x0000000087800000, 0x0000000087800000|100%| E|CS|TAMS 0x0000000087700000, 0x0000000087700000| Complete 
| 120|0x0000000087800000, 0x0000000087900000, 0x0000000087900000|100%| E|CS|TAMS 0x0000000087800000, 0x0000000087800000| Complete 
| 121|0x0000000087900000, 0x0000000087a00000, 0x0000000087a00000|100%| E|CS|TAMS 0x0000000087900000, 0x0000000087900000| Complete 
| 122|0x0000000087a00000, 0x0000000087b00000, 0x0000000087b00000|100%| E|CS|TAMS 0x0000000087a00000, 0x0000000087a00000| Complete 
| 123|0x0000000087b00000, 0x0000000087c00000, 0x0000000087c00000|100%| E|CS|TAMS 0x0000000087b00000, 0x0000000087b00000| Complete 
| 124|0x0000000087c00000, 0x0000000087d00000, 0x0000000087d00000|100%| E|CS|TAMS 0x0000000087c00000, 0x0000000087c00000| Complete 
| 125|0x0000000087d00000, 0x0000000087e00000, 0x0000000087e00000|100%| E|CS|TAMS 0x0000000087d00000, 0x0000000087d00000| Complete 

Card table byte_map: [0x0000024625140000,0x0000024625540000] _byte_map_base: 0x0000024624d40000

Marking Bits (Prev, Next): (CMBitMap*) 0x0000024610005150, (CMBitMap*) 0x0000024610005118
 Prev Bits: [0x0000024627940000, 0x0000024629940000)
 Next Bits: [0x0000024625940000, 0x0000024627940000)

Polling page: 0x00000246100a0000

Metaspace:

Usage:
  Non-class:     24.64 MB capacity,    24.18 MB ( 98%) used,   412.96 KB (  2%) free+waste,    56.88 KB ( <1%) overhead. 
      Class:      3.93 MB capacity,     3.69 MB ( 94%) used,   218.29 KB (  5%) free+waste,    28.75 KB ( <1%) overhead. 
       Both:     28.58 MB capacity,    27.88 MB ( 98%) used,   631.25 KB (  2%) free+waste,    85.63 KB ( <1%) overhead. 

Virtual space:
  Non-class space:       26.00 MB reserved,      24.75 MB ( 95%) committed 
      Class space:        1.00 GB reserved,       4.00 MB ( <1%) committed 
             Both:        1.03 GB reserved,      28.75 MB (  3%) committed 

Chunk freelists:
   Non-Class:  46.00 KB
       Class:  5.00 KB
        Both:  51.00 KB

MaxMetaspaceSize: 17179869184.00 GB
CompressedClassSpaceSize: 1.00 GB
Initial GC threshold: 20.80 MB
Current GC threshold: 35.00 MB
CDS: off

CodeHeap 'non-profiled nmethods': size=120000Kb used=1344Kb max_used=1344Kb free=118655Kb
 bounds [0x000002461cda0000, 0x000002461d010000, 0x00000246242d0000]
CodeHeap 'profiled nmethods': size=120000Kb used=4988Kb max_used=4988Kb free=115011Kb
 bounds [0x0000024615870000, 0x0000024615d50000, 0x000002461cda0000]
CodeHeap 'non-nmethods': size=5760Kb used=1228Kb max_used=1283Kb free=4531Kb
 bounds [0x00000246152d0000, 0x0000024615540000, 0x0000024615870000]
 total_blobs=2850 nmethods=2346 adapters=416
 compilation: enabled
              stopped_count=0, restarted_count=0
 full_count=0

Compilation events (20 events):
Event: 3.385 Thread 0x000002462cd57800 nmethod 2256 0x0000024615d15090 code [0x0000024615d15280, 0x0000024615d15758]
Event: 3.388 Thread 0x000002462f6d3000 2257   !   4       java.net.URL::<init> (543 bytes)
Event: 3.389 Thread 0x000002462cd57800 2258       3       org.objectweb.asm.MethodWriter::visitAbstractType (8 bytes)
Event: 3.390 Thread 0x000002462cd57800 nmethod 2258 0x0000024615d15910 code [0x0000024615d15ac0, 0x0000024615d15bf8]
Event: 3.390 Thread 0x000002462cd57800 2259       3       org.objectweb.asm.ByteVector::putInt (74 bytes)
Event: 3.390 Thread 0x000002462cd57800 nmethod 2259 0x0000024615d15d10 code [0x0000024615d15ee0, 0x0000024615d16128]
Event: 3.390 Thread 0x000002462cd57800 2260       3       org.objectweb.asm.ByteVector::put122 (93 bytes)
Event: 3.390 Thread 0x000002462cd57800 nmethod 2260 0x0000024615d16290 code [0x0000024615d16460, 0x0000024615d166e8]
Event: 3.391 Thread 0x000002462cd57800 2261       3       java.lang.reflect.Constructor::getRoot (5 bytes)
Event: 3.391 Thread 0x000002462cd57800 nmethod 2261 0x0000024615d16890 code [0x0000024615d16a40, 0x0000024615d16b58]
Event: 3.398 Thread 0x000002462cd57800 2262       3       java.lang.ThreadLocal$ThreadLocalMap::nextIndex (15 bytes)
Event: 3.398 Thread 0x000002462cd57800 nmethod 2262 0x0000024615d16c10 code [0x0000024615d16dc0, 0x0000024615d16ef8]
Event: 3.399 Thread 0x000002462cd57800 2263       3       com.google.common.cache.LocalCache::evictsBySize (15 bytes)
Event: 3.399 Thread 0x000002462cd57800 nmethod 2263 0x0000024615d16f90 code [0x0000024615d17140, 0x0000024615d172b8]
Event: 3.404 Thread 0x000002462cd57800 2265       3       java.lang.invoke.TypeConvertingMethodAdapter::convertType (299 bytes)
Event: 3.410 Thread 0x000002462cd57800 nmethod 2265 0x0000024615d17390 code [0x0000024615d17ce0, 0x0000024615d1cae8]
Event: 3.410 Thread 0x000002462cd57800 2266       3       java.lang.invoke.BoundMethodHandle::<init> (32 bytes)
Event: 3.410 Thread 0x000002462cd57800 nmethod 2266 0x0000024615d1e790 code [0x0000024615d1e940, 0x0000024615d1ea88]
Event: 3.410 Thread 0x000002462cd57800 2267       3       java.lang.invoke.DirectMethodHandle$Holder::invokeStatic (15 bytes)
Event: 3.411 Thread 0x000002462cd57800 nmethod 2267 0x0000024615d1eb10 code [0x0000024615d1ece0, 0x0000024615d1f218]

GC Heap History (10 events):
Event: 0.606 GC heap before
{Heap before GC invocations=0 (full 0):
 garbage-first heap   total 129024K, used 30720K [0x0000000080000000, 0x0000000100000000)
  region size 1024K, 24 young (24576K), 0 survivors (0K)
 Metaspace       used 10216K, capacity 10493K, committed 10624K, reserved 1058816K
  class space    used 1073K, capacity 1139K, committed 1152K, reserved 1048576K
}
Event: 0.611 GC heap after
{Heap after GC invocations=1 (full 0):
 garbage-first heap   total 129024K, used 9523K [0x0000000080000000, 0x0000000100000000)
  region size 1024K, 3 young (3072K), 3 survivors (3072K)
 Metaspace       used 10216K, capacity 10493K, committed 10624K, reserved 1058816K
  class space    used 1073K, capacity 1139K, committed 1152K, reserved 1048576K
}
Event: 0.903 GC heap before
{Heap before GC invocations=1 (full 0):
 garbage-first heap   total 129024K, used 32051K [0x0000000080000000, 0x0000000100000000)
  region size 1024K, 25 young (25600K), 3 survivors (3072K)
 Metaspace       used 11181K, capacity 11448K, committed 11520K, reserved 1058816K
  class space    used 1175K, capacity 1244K, committed 1280K, reserved 1048576K
}
Event: 0.906 GC heap after
{Heap after GC invocations=2 (full 0):
 garbage-first heap   total 129024K, used 10283K [0x0000000080000000, 0x0000000100000000)
  region size 1024K, 1 young (1024K), 1 survivors (1024K)
 Metaspace       used 11181K, capacity 11448K, committed 11520K, reserved 1058816K
  class space    used 1175K, capacity 1244K, committed 1280K, reserved 1048576K
}
Event: 2.540 GC heap before
{Heap before GC invocations=2 (full 0):
 garbage-first heap   total 129024K, used 62507K [0x0000000080000000, 0x0000000100000000)
  region size 1024K, 52 young (53248K), 1 survivors (1024K)
 Metaspace       used 17710K, capacity 18142K, committed 18432K, reserved 1064960K
  class space    used 2101K, capacity 2245K, committed 2304K, reserved 1048576K
}
Event: 2.545 GC heap after
{Heap after GC invocations=3 (full 0):
 garbage-first heap   total 129024K, used 16704K [0x0000000080000000, 0x0000000100000000)
  region size 1024K, 7 young (7168K), 7 survivors (7168K)
 Metaspace       used 17710K, capacity 18142K, committed 18432K, reserved 1064960K
  class space    used 2101K, capacity 2245K, committed 2304K, reserved 1048576K
}
Event: 2.747 GC heap before
{Heap before GC invocations=3 (full 0):
 garbage-first heap   total 129024K, used 44352K [0x0000000080000000, 0x0000000100000000)
  region size 1024K, 35 young (35840K), 7 survivors (7168K)
 Metaspace       used 20713K, capacity 21146K, committed 21248K, reserved 1067008K
  class space    used 2552K, capacity 2714K, committed 2816K, reserved 1048576K
}
Event: 2.755 GC heap after
{Heap after GC invocations=4 (full 0):
 garbage-first heap   total 129024K, used 17726K [0x0000000080000000, 0x0000000100000000)
  region size 1024K, 2 young (2048K), 2 survivors (2048K)
 Metaspace       used 20713K, capacity 21146K, committed 21248K, reserved 1067008K
  class space    used 2552K, capacity 2714K, committed 2816K, reserved 1048576K
}
Event: 3.267 GC heap before
{Heap before GC invocations=5 (full 0):
 garbage-first heap   total 129024K, used 69950K [0x0000000080000000, 0x0000000100000000)
  region size 1024K, 53 young (54272K), 2 survivors (2048K)
 Metaspace       used 26257K, capacity 26831K, committed 27008K, reserved 1073152K
  class space    used 3411K, capacity 3593K, committed 3712K, reserved 1048576K
}
Event: 3.271 GC heap after
{Heap after GC invocations=6 (full 0):
 garbage-first heap   total 129024K, used 19491K [0x0000000080000000, 0x0000000100000000)
  region size 1024K, 3 young (3072K), 3 survivors (3072K)
 Metaspace       used 26257K, capacity 26831K, committed 27008K, reserved 1073152K
  class space    used 3411K, capacity 3593K, committed 3712K, reserved 1048576K
}

Deoptimization events (20 events):
Event: 2.740 Thread 0x000002462fdc4800 DEOPT PACKING pc=0x000002461ce1e8d4 sp=0x00000060d52fa550
Event: 2.740 Thread 0x000002462fdc4800 DEOPT UNPACKING pc=0x000002461531a1af sp=0x00000060d52fa4e8 mode 2
Event: 2.836 Thread 0x000002462fdc4800 Uncommon trap: trap_request=0xffffffcc fr.pc=0x000002461ce9f9f8 relative=0x00000000000002b8
Event: 2.836 Thread 0x000002462fdc4800 Uncommon trap: reason=intrinsic_or_type_checked_inlining action=make_not_entrant pc=0x000002461ce9f9f8 method=java.util.Arrays.copyOf([Ljava/lang/Object;ILjava/lang/Class;)[Ljava/lang/Object; @ 35 c2
Event: 2.836 Thread 0x000002462fdc4800 DEOPT PACKING pc=0x000002461ce9f9f8 sp=0x00000060d52fb580
Event: 2.836 Thread 0x000002462fdc4800 DEOPT UNPACKING pc=0x000002461531a1af sp=0x00000060d52fb510 mode 2
Event: 3.003 Thread 0x000002462fdc4800 Uncommon trap: trap_request=0xffffff4d fr.pc=0x000002461ce861fc relative=0x000000000000023c
Event: 3.003 Thread 0x000002462fdc4800 Uncommon trap: reason=unstable_if action=reinterpret pc=0x000002461ce861fc method=java.util.concurrent.ConcurrentHashMap.get(Ljava/lang/Object;)Ljava/lang/Object; @ 76 c2
Event: 3.003 Thread 0x000002462fdc4800 DEOPT PACKING pc=0x000002461ce861fc sp=0x00000060d52f94c0
Event: 3.003 Thread 0x000002462fdc4800 DEOPT UNPACKING pc=0x000002461531a1af sp=0x00000060d52f9428 mode 2
Event: 3.244 Thread 0x000002462fdc4800 Uncommon trap: trap_request=0xffffff7e fr.pc=0x000002461cec77a8 relative=0x0000000000000168
Event: 3.244 Thread 0x000002462fdc4800 Uncommon trap: reason=predicate action=maybe_recompile pc=0x000002461cec77a8 method=com.google.common.base.CharMatcher.indexIn(Ljava/lang/CharSequence;I)I @ 19 c2
Event: 3.244 Thread 0x000002462fdc4800 DEOPT PACKING pc=0x000002461cec77a8 sp=0x00000060d52fb210
Event: 3.244 Thread 0x000002462fdc4800 DEOPT UNPACKING pc=0x000002461531a1af sp=0x00000060d52fb1a0 mode 2
Event: 3.256 Thread 0x000002462fdc4800 Uncommon trap: trap_request=0xffffff4d fr.pc=0x000002461ce4b5fc relative=0x000000000000143c
Event: 3.256 Thread 0x000002462fdc4800 Uncommon trap: reason=unstable_if action=reinterpret pc=0x000002461ce4b5fc method=java.util.concurrent.ConcurrentHashMap.putVal(Ljava/lang/Object;Ljava/lang/Object;Z)Ljava/lang/Object; @ 231 c2
Event: 3.256 Thread 0x000002462fdc4800 DEOPT PACKING pc=0x000002461ce4b5fc sp=0x00000060d52fc430
Event: 3.256 Thread 0x000002462fdc4800 DEOPT UNPACKING pc=0x000002461531a1af sp=0x00000060d52fc3b0 mode 2
Event: 3.400 Thread 0x000002462fdc4800 DEOPT PACKING pc=0x0000024615bbea1b sp=0x00000060d52f8860
Event: 3.400 Thread 0x000002462fdc4800 DEOPT UNPACKING pc=0x000002461531a95e sp=0x00000060d52f7cd0 mode 0

Classes redefined (0 events):
No events

Internal exceptions (20 events):
Event: 2.697 Thread 0x000002462fdc4800 Exception <a 'java/lang/NoSuchMethodError'{0x00000000866318c0}: 'java.lang.Object java.lang.invoke.Invokers$Holder.linkToTargetMethod(java.lang.Object, java.lang.Object, int, java.lang.Object)'> (0x00000000866318c0) thrown at [./src/hotspot/share/interpreter/linkResolver.cpp, line 773]
Event: 2.780 Thread 0x000002462fdc4800 Exception <a 'java/lang/NoSuchMethodError'{0x0000000087b31b20}: 'int java.lang.invoke.DirectMethodHandle$Holder.invokeSpecialIFC(java.lang.Object, java.lang.Object, java.lang.Object, java.lang.Object)'> (0x0000000087b31b20) thrown at [./src/hotspot/share/interpreter/linkResolver.cpp, line 773]
Event: 2.781 Thread 0x000002462fdc4800 Exception <a 'java/lang/NoSuchMethodError'{0x0000000087b3fad8}: 'java.lang.Object java.lang.invoke.DirectMethodHandle$Holder.invokeInterface(java.lang.Object, java.lang.Object, java.lang.Object)'> (0x0000000087b3fad8) thrown at [./src/hotspot/share/interpreter/linkResolver.cpp, line 773]
Event: 2.782 Thread 0x000002462fdc4800 Exception <a 'java/lang/IncompatibleClassChangeError'{0x0000000087b42fb0}: Found class java.lang.Object, but interface was expected> (0x0000000087b42fb0) thrown at [./src/hotspot/share/interpreter/linkResolver.cpp, line 839]
Event: 2.898 Thread 0x000002462fdc4800 Exception <a 'java/lang/NoSuchMethodError'{0x00000000870b77f0}: 'java.lang.Object java.lang.invoke.DirectMethodHandle$Holder.invokeSpecial(java.lang.Object, java.lang.Object, java.lang.Object, java.lang.Object, java.lang.Object, java.lang.Object, java.lang.Object, java.lang.Object, java.lang.Object)'> (0x00000000870b77f0) thrown at [./src/hotspot/share/interpreter/linkResolver.cpp, line 773]
Event: 2.955 Thread 0x000002462fdc4800 Exception <a 'java/lang/NoSuchMethodError'{0x00000000866320b0}: 'java.lang.Object java.lang.invoke.DirectMethodHandle$Holder.invokeVirtual(java.lang.Object, java.lang.Object, java.lang.Object, java.lang.Object)'> (0x00000000866320b0) thrown at [./src/hotspot/share/interpreter/linkResolver.cpp, line 773]
Event: 3.034 Thread 0x000002462fdc4800 Exception <a 'java/lang/NoSuchMethodError'{0x0000000085ef76d8}: 'void java.lang.invoke.DirectMethodHandle$Holder.invokeSpecial(java.lang.Object, java.lang.Object, java.lang.Object, java.lang.Object, java.lang.Object, java.lang.Object)'> (0x0000000085ef76d8) thrown at [./src/hotspot/share/interpreter/linkResolver.cpp, line 773]
Event: 3.044 Thread 0x000002462fdc4800 Exception <a 'java/lang/NoSuchMethodError'{0x0000000085d66148}: 'void java.lang.invoke.DirectMethodHandle$Holder.invokeSpecial(java.lang.Object, java.lang.Object, java.lang.Object, java.lang.Object, java.lang.Object, java.lang.Object, java.lang.Object)'> (0x0000000085d66148) thrown at [./src/hotspot/share/interpreter/linkResolver.cpp, line 773]
Event: 3.044 Thread 0x000002462fdc4800 Exception <a 'java/lang/NoSuchMethodError'{0x0000000085d6e638}: 'java.lang.Object java.lang.invoke.Invokers$Holder.linkToTargetMethod(java.lang.Object, java.lang.Object, java.lang.Object, java.lang.Object, java.lang.Object, java.lang.Object)'> (0x0000000085d6e638) thrown at [./src/hotspot/share/interpreter/linkResolver.cpp, line 773]
Event: 3.110 Thread 0x000002462fdc4800 Exception <a 'java/lang/NoSuchMethodError'{0x00000000854cdfa8}: 'int java.lang.invoke.DirectMethodHandle$Holder.invokeStaticInit(java.lang.Object, java.lang.Object, java.lang.Object)'> (0x00000000854cdfa8) thrown at [./src/hotspot/share/interpreter/linkResolver.cpp, line 773]
Event: 3.183 Thread 0x000002462fdc4800 Exception <a 'java/lang/NoSuchMethodError'{0x0000000084e48568}: 'void java.lang.invoke.DirectMethodHandle$Holder.invokeStaticInit(java.lang.Object, java.lang.Object)'> (0x0000000084e48568) thrown at [./src/hotspot/share/interpreter/linkResolver.cpp, line 773]
Event: 3.274 Thread 0x000002462fdc4800 Exception <a 'java/lang/NoSuchMethodError'{0x0000000087d21f30}: 'void java.lang.invoke.DirectMethodHandle$Holder.invokeStatic(java.lang.Object, java.lang.Object, java.lang.Object, java.lang.Object)'> (0x0000000087d21f30) thrown at [./src/hotspot/share/interpreter/linkResolver.cpp, line 773]
Event: 3.279 Thread 0x000002462fdc4800 Exception <a 'java/lang/NoSuchMethodError'{0x0000000087d51558}: 'java.lang.Object java.lang.invoke.DirectMethodHandle$Holder.invokeVirtual(java.lang.Object, java.lang.Object, java.lang.Object)'> (0x0000000087d51558) thrown at [./src/hotspot/share/interpreter/linkResolver.cpp, line 773]
Event: 3.281 Thread 0x000002462fdc4800 Exception <a 'java/lang/NoSuchMethodError'{0x0000000087d7a170}: 'int java.lang.invoke.DirectMethodHandle$Holder.invokeVirtual(java.lang.Object, java.lang.Object)'> (0x0000000087d7a170) thrown at [./src/hotspot/share/interpreter/linkResolver.cpp, line 773]
Event: 3.288 Thread 0x000002462fdc4800 Exception <a 'java/lang/NoSuchMethodError'{0x0000000087c024c0}: 'int java.lang.invoke.DirectMethodHandle$Holder.invokeVirtual(java.lang.Object, java.lang.Object, java.lang.Object)'> (0x0000000087c024c0) thrown at [./src/hotspot/share/interpreter/linkResolver.cpp, line 773]
Event: 3.311 Thread 0x000002462fdc4800 Exception <a 'java/lang/NoSuchMethodError'{0x0000000087b65798}: 'void java.lang.invoke.DirectMethodHandle$Holder.invokeSpecial(java.lang.Object, java.lang.Object)'> (0x0000000087b65798) thrown at [./src/hotspot/share/interpreter/linkResolver.cpp, line 773]
Event: 3.405 Thread 0x000002462fdc4800 Exception <a 'java/lang/NoSuchMethodError'{0x00000000872f8638}: 'java.lang.Object java.lang.invoke.DirectMethodHandle$Holder.invokeSpecialIFC(java.lang.Object, java.lang.Object, java.lang.Object, java.lang.Object)'> (0x00000000872f8638) thrown at [./src/hotspot/share/interpreter/linkResolver.cpp, line 773]
Event: 3.414 Thread 0x000002462fdc4800 Exception <a 'java/lang/NoSuchMethodError'{0x00000000871cc3e8}: 'java.lang.Object java.lang.invoke.DirectMethodHandle$Holder.invokeSpecial(java.lang.Object, java.lang.Object, java.lang.Object, java.lang.Object, java.lang.Object, java.lang.Object, java.lang.Object, java.lang.Object, java.lang.Object, java.lang.Object, java.lang.Object, java.lang.Object, java.lang.Object)'> (0x00000000871cc3e8) thrown at [./src/hotspot/share/interpreter/linkResolver.cpp, line 773]
Event: 3.415 Thread 0x000002462fdc4800 Exception <a 'java/lang/NoSuchMethodError'{0x00000000871dd248}: 'java.lang.Object java.lang.invoke.DirectMethodHandle$Holder.invokeSpecial(java.lang.Object, java.lang.Object, java.lang.Object, java.lang.Object, java.lang.Object, java.lang.Object, java.lang.Object, java.lang.Object, java.lang.Object, java.lang.Object, java.lang.Object, java.lang.Object)'> (0x00000000871dd248) thrown at [./src/hotspot/share/interpreter/linkResolver.cpp, line 773]
Event: 3.415 Thread 0x000002462fdc4800 Exception <a 'java/lang/NoSuchMethodError'{0x00000000871e2370}: 'java.lang.Object java.lang.invoke.Invokers$Holder.linkToTargetMethod(java.lang.Object, java.lang.Object, java.lang.Object, java.lang.Object, java.lang.Object, java.lang.Object, java.lang.Object, java.lang.Object, java.lang.Object, java.lang.Object, java.lang.Object)'> (0x00000000871e2370) thrown at [./src/hotspot/share/interpreter/linkResolver.cpp, line 773]

Events (20 events):
Event: 3.414 loading class org/gradle/api/internal/artifacts/DependencyManagementBuildScopeServices
Event: 3.414 loading class org/gradle/api/internal/artifacts/DependencyManagementBuildScopeServices done
Event: 3.415 Executing VM operation: RevokeBias
Event: 3.415 Executing VM operation: RevokeBias done
Event: 3.415 Executing VM operation: RevokeBias
Event: 3.415 Executing VM operation: RevokeBias done
Event: 3.416 loading class org/gradle/api/internal/artifacts/ivyservice/modulecache/dynamicversions/ModuleVersionsCache$CachedModuleVersionList
Event: 3.416 loading class org/gradle/api/internal/artifacts/ivyservice/modulecache/dynamicversions/ModuleVersionsCache$CachedModuleVersionList done
Event: 3.416 loading class org/gradle/api/internal/artifacts/ivyservice/modulecache/ModuleMetadataCache$CachedMetadata
Event: 3.416 loading class org/gradle/api/internal/artifacts/ivyservice/modulecache/ModuleMetadataCache$CachedMetadata done
Event: 3.417 loading class org/gradle/api/internal/artifacts/ivyservice/modulecache/ModuleMetadataStore
Event: 3.417 loading class org/gradle/api/internal/artifacts/ivyservice/modulecache/ModuleMetadataStore done
Event: 3.418 loading class org/gradle/api/internal/artifacts/ivyservice/modulecache/ModuleMetadataSerializer
Event: 3.418 loading class org/gradle/api/internal/artifacts/ivyservice/modulecache/ModuleMetadataSerializer done
Event: 3.419 loading class org/gradle/api/internal/artifacts/ModuleComponentSelectorSerializer
Event: 3.419 loading class org/gradle/api/internal/artifacts/ModuleComponentSelectorSerializer done
Event: 3.420 loading class org/gradle/api/internal/artifacts/ivyservice/modulecache/artifacts/CachedArtifacts
Event: 3.420 loading class org/gradle/api/internal/artifacts/ivyservice/modulecache/artifacts/CachedArtifacts done
Event: 3.420 loading class org/gradle/api/internal/artifacts/ivyservice/modulecache/artifacts/DefaultModuleArtifactCache
Event: 3.420 loading class org/gradle/api/internal/artifacts/ivyservice/modulecache/artifacts/DefaultModuleArtifactCache done


Dynamic libraries:
0x00007ff64ee00000 - 0x00007ff64ee0a000 	C:\Program Files\Android\Android Studio\jre\bin\java.exe
0x00007ff8f7300000 - 0x00007ff8f7509000 	C:\WINDOWS\SYSTEM32\ntdll.dll
0x00007ff8f66a0000 - 0x00007ff8f675e000 	C:\WINDOWS\System32\KERNEL32.DLL
0x00007ff8f4900000 - 0x00007ff8f4c7b000 	C:\WINDOWS\System32\KERNELBASE.dll
0x00007ff8f5030000 - 0x00007ff8f5141000 	C:\WINDOWS\System32\ucrtbase.dll
0x00007ff8c4c50000 - 0x00007ff8c4c69000 	C:\Program Files\Android\Android Studio\jre\bin\jli.dll
0x00007ff8c4c30000 - 0x00007ff8c4c47000 	C:\Program Files\Android\Android Studio\jre\bin\VCRUNTIME140.dll
0x00007ff8f7100000 - 0x00007ff8f72ad000 	C:\WINDOWS\System32\USER32.dll
0x00007ff8dc690000 - 0x00007ff8dc935000 	C:\WINDOWS\WinSxS\amd64_microsoft.windows.common-controls_6595b64144ccf1df_6.0.22000.120_none_9d947278b86cc467\COMCTL32.dll
0x00007ff8f5150000 - 0x00007ff8f5176000 	C:\WINDOWS\System32\win32u.dll
0x00007ff8f6360000 - 0x00007ff8f6403000 	C:\WINDOWS\System32\msvcrt.dll
0x00007ff8f6cc0000 - 0x00007ff8f6ce9000 	C:\WINDOWS\System32\GDI32.dll
0x00007ff8f4e90000 - 0x00007ff8f4fa8000 	C:\WINDOWS\System32\gdi32full.dll
0x00007ff8f4df0000 - 0x00007ff8f4e8d000 	C:\WINDOWS\System32\msvcp_win.dll
0x00007ff8f6320000 - 0x00007ff8f6352000 	C:\WINDOWS\System32\IMM32.DLL
0x00007ff8bfc30000 - 0x00007ff8bfccd000 	C:\Program Files\Android\Android Studio\jre\bin\msvcp140.dll
0x00007ff8a4f50000 - 0x00007ff8a5a35000 	C:\Program Files\Android\Android Studio\jre\bin\server\jvm.dll
0x00007ff8f65f0000 - 0x00007ff8f669e000 	C:\WINDOWS\System32\ADVAPI32.dll
0x00007ff8f6280000 - 0x00007ff8f631e000 	C:\WINDOWS\System32\sechost.dll
0x00007ff8f5180000 - 0x00007ff8f52a0000 	C:\WINDOWS\System32\RPCRT4.dll
0x00007ff8f72b0000 - 0x00007ff8f72b8000 	C:\WINDOWS\System32\PSAPI.DLL
0x00007ff8ecc20000 - 0x00007ff8ecc29000 	C:\WINDOWS\SYSTEM32\WSOCK32.dll
0x00007ff8ee500000 - 0x00007ff8ee533000 	C:\WINDOWS\SYSTEM32\WINMM.dll
0x00007ff8ef070000 - 0x00007ff8ef07a000 	C:\WINDOWS\SYSTEM32\VERSION.dll
0x00007ff8f6210000 - 0x00007ff8f627f000 	C:\WINDOWS\System32\WS2_32.dll
0x00007ff8f3940000 - 0x00007ff8f3958000 	C:\WINDOWS\SYSTEM32\kernel.appcore.dll
0x00007ff8ecb10000 - 0x00007ff8ecb21000 	C:\Program Files\Android\Android Studio\jre\bin\verify.dll
0x00007ff8f2360000 - 0x00007ff8f2581000 	C:\WINDOWS\SYSTEM32\DBGHELP.DLL
0x00007ff8dcd10000 - 0x00007ff8dcd41000 	C:\WINDOWS\SYSTEM32\dbgcore.DLL
0x00007ff8f4fb0000 - 0x00007ff8f502f000 	C:\WINDOWS\System32\bcryptPrimitives.dll
0x00007ff8e9d20000 - 0x00007ff8e9d49000 	C:\Program Files\Android\Android Studio\jre\bin\java.dll
0x00007ff8ecae0000 - 0x00007ff8ecaeb000 	C:\Program Files\Android\Android Studio\jre\bin\jimage.dll
0x00007ff8e7780000 - 0x00007ff8e7798000 	C:\Program Files\Android\Android Studio\jre\bin\zip.dll
0x00007ff8f5390000 - 0x00007ff8f5b48000 	C:\WINDOWS\System32\SHELL32.dll
0x00007ff8f28c0000 - 0x00007ff8f3125000 	C:\WINDOWS\SYSTEM32\windows.storage.dll
0x00007ff8f5da0000 - 0x00007ff8f6118000 	C:\WINDOWS\System32\combase.dll
0x00007ff8f2750000 - 0x00007ff8f28b6000 	C:\WINDOWS\SYSTEM32\wintypes.dll
0x00007ff8f6120000 - 0x00007ff8f620a000 	C:\WINDOWS\System32\SHCORE.dll
0x00007ff8f6cf0000 - 0x00007ff8f6d4d000 	C:\WINDOWS\System32\shlwapi.dll
0x00007ff8f4700000 - 0x00007ff8f4721000 	C:\WINDOWS\SYSTEM32\profapi.dll
0x00007ff8e7760000 - 0x00007ff8e777a000 	C:\Program Files\Android\Android Studio\jre\bin\net.dll
0x00007ff8eee10000 - 0x00007ff8eef24000 	C:\WINDOWS\SYSTEM32\WINHTTP.dll
0x00007ff8f3de0000 - 0x00007ff8f3e47000 	C:\WINDOWS\system32\mswsock.dll
0x00007ff8e7740000 - 0x00007ff8e7754000 	C:\Program Files\Android\Android Studio\jre\bin\nio.dll
0x00007ff8ef800000 - 0x00007ff8ef827000 	C:\Users\Batuh\.gradle\native\e1d6ef7f7dcc3fd88c89a11ec53ec762bb8ba0a96d01ffa2cd45eb1d1d8dd5c5\windows-amd64\native-platform.dll
0x00007ff8aa510000 - 0x00007ff8aa654000 	C:\Users\Batuh\.gradle\native\5664cfc778a61ccfe75a443a1ab52a65af34e5dc3c78e0209fed803814484fcb\windows-amd64\native-platform-file-events.dll
0x00007ff8eaaf0000 - 0x00007ff8eaafa000 	C:\Program Files\Android\Android Studio\jre\bin\management.dll
0x00007ff8e7730000 - 0x00007ff8e773d000 	C:\Program Files\Android\Android Studio\jre\bin\management_ext.dll
0x00007ff8f4020000 - 0x00007ff8f4038000 	C:\WINDOWS\SYSTEM32\CRYPTSP.dll
0x00007ff8f38a0000 - 0x00007ff8f38d5000 	C:\WINDOWS\system32\rsaenh.dll
0x00007ff8f3ed0000 - 0x00007ff8f3ef9000 	C:\WINDOWS\SYSTEM32\USERENV.dll
0x00007ff8f41b0000 - 0x00007ff8f41d7000 	C:\WINDOWS\SYSTEM32\bcrypt.dll
0x00007ff8f4040000 - 0x00007ff8f404c000 	C:\WINDOWS\SYSTEM32\CRYPTBASE.dll
0x00007ff8f33f0000 - 0x00007ff8f341d000 	C:\WINDOWS\SYSTEM32\IPHLPAPI.DLL
0x00007ff8f6410000 - 0x00007ff8f6419000 	C:\WINDOWS\System32\NSI.dll
0x00007ff8ee870000 - 0x00007ff8ee889000 	C:\WINDOWS\SYSTEM32\dhcpcsvc6.DLL
0x00007ff8ef350000 - 0x00007ff8ef36e000 	C:\WINDOWS\SYSTEM32\dhcpcsvc.DLL
0x00007ff8f3430000 - 0x00007ff8f3518000 	C:\WINDOWS\SYSTEM32\DNSAPI.dll

dbghelp: loaded successfully - version: 4.0.5 - missing functions: none
symbol engine: initialized successfully - sym options: 0x614 - pdb path: .;C:\Program Files\Android\Android Studio\jre\bin;C:\WINDOWS\SYSTEM32;C:\WINDOWS\WinSxS\amd64_microsoft.windows.common-controls_6595b64144ccf1df_6.0.22000.120_none_9d947278b86cc467;C:\Program Files\Android\Android Studio\jre\bin\server;C:\Users\Batuh\.gradle\native\e1d6ef7f7dcc3fd88c89a11ec53ec762bb8ba0a96d01ffa2cd45eb1d1d8dd5c5\windows-amd64;C:\Users\Batuh\.gradle\native\5664cfc778a61ccfe75a443a1ab52a65af34e5dc3c78e0209fed803814484fcb\windows-amd64

VM Arguments:
jvm_args: --add-opens=java.base/java.util=ALL-UNNAMED --add-opens=java.base/java.lang=ALL-UNNAMED --add-opens=java.base/java.lang.invoke=ALL-UNNAMED --add-opens=java.base/java.util=ALL-UNNAMED --add-opens=java.prefs/java.util.prefs=ALL-UNNAMED --add-opens=java.prefs/java.util.prefs=ALL-UNNAMED --add-opens=java.base/java.nio.charset=ALL-UNNAMED --add-opens=java.base/java.net=ALL-UNNAMED --add-opens=java.base/java.util.concurrent.atomic=ALL-UNNAMED -Xmx2048m -Dfile.encoding=UTF-8 -Duser.country=TR -Duser.language=tr -Duser.variant 
java_command: org.gradle.launcher.daemon.bootstrap.GradleDaemon 7.3.3
java_class_path (initial): C:\Users\Batuh\.gradle\wrapper\dists\gradle-7.3.3-bin\6a41zxkdtcxs8rphpq6y0069z\gradle-7.3.3\lib\gradle-launcher-7.3.3.jar
Launcher Type: SUN_STANDARD

[Global flags]
     intx CICompilerCount                          = 4                                         {product} {ergonomic}
     uint ConcGCThreads                            = 2                                         {product} {ergonomic}
     uint G1ConcRefinementThreads                  = 8                                         {product} {ergonomic}
   size_t G1HeapRegionSize                         = 1048576                                   {product} {ergonomic}
    uintx GCDrainStackTargetSize                   = 64                                        {product} {ergonomic}
   size_t InitialHeapSize                          = 132120576                                 {product} {ergonomic}
   size_t MarkStackSize                            = 4194304                                   {product} {ergonomic}
   size_t MaxHeapSize                              = 2147483648                                {product} {command line}
   size_t MaxNewSize                               = 1287651328                                {product} {ergonomic}
   size_t MinHeapDeltaBytes                        = 1048576                                   {product} {ergonomic}
    uintx NonNMethodCodeHeapSize                   = 5836300                                {pd product} {ergonomic}
    uintx NonProfiledCodeHeapSize                  = 122910970                              {pd product} {ergonomic}
    uintx ProfiledCodeHeapSize                     = 122910970                              {pd product} {ergonomic}
    uintx ReservedCodeCacheSize                    = 251658240                              {pd product} {ergonomic}
     bool SegmentedCodeCache                       = true                                      {product} {ergonomic}
     bool UseCompressedClassPointers               = true                                 {lp64_product} {ergonomic}
     bool UseCompressedOops                        = true                                 {lp64_product} {ergonomic}
     bool UseG1GC                                  = true                                      {product} {ergonomic}
     bool UseLargePagesIndividualAllocation        = false                                  {pd product} {ergonomic}

Logging:
Log output configuration:
 #0: stdout all=warning uptime,level,tags
 #1: stderr all=off uptime,level,tags

Environment Variables:
PATH=C:\Program Files\Common Files\Oracle\Java\javapath;C:\Windows\system32;C:\Windows;C:\Windows\System32\Wbem;C:\Windows\System32\WindowsPowerShell\v1.0\;C:\Windows\System32\OpenSSH\;C:\Program Files (x86)\NVIDIA Corporation\PhysX\Common;C:\WINDOWS\system32;C:\WINDOWS;C:\WINDOWS\System32\Wbem;C:\WINDOWS\System32\WindowsPowerShell\v1.0\;C:\WINDOWS\System32\OpenSSH\;C:\Users\Batuh\AppData\Local\Microsoft\WindowsApps;C:\Users\Batuh\AppData\Local\GitHubDesktop\bin
USERNAME=Batuh
OS=Windows_NT
PROCESSOR_IDENTIFIER=Intel64 Family 6 Model 158 Stepping 10, GenuineIntel



---------------  S Y S T E M  ---------------

OS: Windows 10 , 64 bit Build 22000 (10.0.22000.1219)
OS uptime: 1 days 15:11 hours

CPU:total 8 (initial active 8) (4 cores per cpu, 2 threads per core) family 6 model 158 stepping 10 microcode 0xde, cmov, cx8, fxsr, mmx, sse, sse2, sse3, ssse3, sse4.1, sse4.2, popcnt, avx, avx2, aes, clmul, erms, 3dnowpref, lzcnt, ht, tsc, tscinvbit, bmi1, bmi2, adx, fma

Memory: 4k page, system-wide physical 8034M (921M free)
TotalPageFile size 17250M (AvailPageFile size 7688M)
current process WorkingSet (physical memory assigned to process): 212M, peak: 222M
current process commit charge ("private bytes"): 303M, peak: 311M

vm_info: OpenJDK 64-Bit Server VM (11.0.12+7-b1504.28-7817840) for windows-amd64 JRE (11.0.12+7-b1504.28-7817840), built on Oct 13 2021 22:12:33 by "builder" with MS VC++ 14.0 (VS2015)

END.
